<?xml version="1.0" encoding="UTF-8"?>
<testsuite xmlns:xsi="http://www.w3.org/2001/XMLSchema-instance" xsi:noNamespaceSchemaLocation="https://maven.apache.org/surefire/maven-surefire-plugin/xsd/surefire-test-report.xsd" name="CustomerTester" time="0.535" tests="4" errors="0" skipped="0" failures="2">
  <properties>
[...]
</properties>
  <testcase name="testGetCus1" classname="CustomerTester" time="0.066">
    <failure message="expected: &lt;1110000&gt; but was: &lt;null&gt;" type="org.opentest4j.AssertionFailedError"><![CDATA[org.opentest4j.AssertionFailedError: expected: <1110000> but was: <null>
	at CustomerTester.testGetCus1(CustomerTester.java:78)
]]></failure>
  </testcase>
  <testcase name="testGetCus" classname="CustomerTester" time="0.032"/>
  <testcase name="testNameNotNull" classname="CustomerTester" time="0.041"/>
  <testcase name="testUniquePhone" classname="CustomerTester" time="0.021">
    <failure message="expected: &lt;16&gt; but was: &lt;11&gt;" type="org.opentest4j.AssertionFailedError"><![CDATA[org.opentest4j.AssertionFailedError: expected: <16> but was: <11>
	at CustomerTester.testUniquePhone(CustomerTester.java:93)
]]></failure>
    <system-out><![CDATA[[99, , 12, 9899, 372745193, 0, 1, 123, 900000090, 1234, 0372745193]
]]></system-out>
  </testcase>
</testsuite>